<?xml version="1.0" encoding="UTF-8"?>
<!-- Generated by org.testng.reporters.JUnitReportReporter -->
<testsuite skipped="0" hostname="DESKTOP-SFC0TF7" name="com.dice5.LoginTests" tests="1" failures="0" timestamp="25 Jul 2020 18:24:15 GMT" time="19.942" errors="0">
  <testcase name="positiveLoginTest" time="19.942" classname="com.dice5.LoginTests"/>
</testsuite> <!-- com.dice5.LoginTests -->
