<?xml version="1.0" encoding="UTF-8"?>
<!-- Generated by org.testng.reporters.JUnitReportReporter -->
<testsuite skipped="0" hostname="DESKTOP-SFC0TF7" name="com.dice5.HomeTests" tests="1" failures="0" timestamp="25 Jul 2020 18:24:15 GMT" time="19.576" errors="0">
  <testcase name="verifyProfile" time="19.576" classname="com.dice5.HomeTests"/>
</testsuite> <!-- com.dice5.HomeTests -->
